Diagnose log at 2026-07-10T07:04:11Z

AppPath: D:\Program Files (x86)\Git\mingw64\bin\git-credential-manager.exe
InstallDir: D:\Program Files (x86)\Git\mingw64\bin\
Version: 2.7.3+5fa7116896c82164996a609accd1c5ad90fe730a

------------
Diagnostic: Environment
Skipped: False
Success: True
Exception: None
Log:
OSType: Windows
OSVersion: 10.0 (build 26200)
Reading environment variables... OK
 Variables:
SESSIONNAME=Console
ProgramFiles(x86)=C:\Program Files (x86)
MSYSTEM=MINGW64
ProgramW6432=C:\Program Files
ChocolateyInstall=C:\ProgramData\chocolatey
PROCESSOR_IDENTIFIER=AMD64 Family 23 Model 96 Stepping 1, AuthenticAMD
TMP=C:\Users\nuthi\AppData\Local\Temp
PROCESSOR_ARCHITECTURE=AMD64
VSCODE_GIT_ASKPASS_MAIN=c:\Users\nuthi\AppData\Roaming\Code\User\globalStorage\vscode.git\askpass\70789581cae28aa7\askpass-main.js
Path=D:/Program Files (x86)/Git/mingw64/libexec/git-core;D:\Program Files (x86)\Git\mingw64\bin;D:\Program Files (x86)\Git\usr\bin;C:\Users\nuthi\bin;C:\WINDOWS\system32;C:\WINDOWS;C:\WINDOWS\System32\Wbem;C:\WINDOWS\System32\WindowsPowerShell\v1.0\;C:\WINDOWS\System32\OpenSSH\;C:\ProgramData\chocolatey\bin;C:\Program Files (x86)\NVIDIA Corporation\PhysX\Common;C:\Program Files\NVIDIA Corporation\NVIDIA app\NvDLISR;D:\Program Files (x86)\;D:\Program Files (x86)\Git\cmd;C:\Program Files\Cloudflare\Cloudflare WARP\;C:\Users\nuthi\AppData\Local\Programs\Python\Python310\Scripts\;C:\Users\nuthi\AppData\Local\Programs\Python\Python310\;C:\Users\nuthi\AppData\Local\Microsoft\WindowsApps;D:\Program Files (x86)\Microsoft VS Code\bin;C:\Users\nuthi\AppData\Roaming\npm;c:\Users\nuthi\.vscode\extensions\ms-python.debugpy-2026.6.0-win32-x64\bundled\scripts\noConfigScripts
VSCODE_GIT_IPC_HANDLE=\\.\pipe\vscode-git-6cd3078685-sock
PROCESSOR_REVISION=6001
TEMP=C:\Users\nuthi\AppData\Local\Temp
USERPROFILE=C:\Users\nuthi
LOGONSERVER=\\NUTHIOKHAW
TERM=xterm-256color
PYDEVD_DISABLE_FILE_VALIDATION=1
USERNAME=nuthi
SystemRoot=C:\WINDOWS
VSCODE_DEBUGPY_ADAPTER_ENDPOINTS=c:\Users\nuthi\.vscode\extensions\ms-python.debugpy-2026.6.0-win32-x64\.noConfigDebugAdapterEndpoints\endpoint-a02729bc293ebcb3.txt
CHROME_CRASHPAD_PIPE_NAME=\\.\pipe\crashpad_3700_EASSMRGZENFAEQDE
GIT_EXEC_PATH=D:/Program Files (x86)/Git/mingw64/libexec/git-core
PLINK_PROTOCOL=ssh
OneDrive=C:\Users\nuthi\OneDrive
USERDOMAIN_ROAMINGPROFILE=NUTHIOKHAW
CommonProgramFiles=C:\Program Files\Common Files
VSCODE_INJECTION=1
VSCODE_PYTHON_AUTOACTIVATE_GUARD=1
PYTHON_BASIC_REPL=1
ProgramData=C:\ProgramData
LANG=en_US.UTF-8
GIT_ASKPASS=c:\Users\nuthi\AppData\Roaming\Code\User\globalStorage\vscode.git\askpass\70789581cae28aa7\askpass.sh
HOMEPATH=\Users\nuthi
OneDriveConsumer=C:\Users\nuthi\OneDrive
COMPUTERNAME=NUTHIOKHAW
PYTHONSTARTUP=c:\Users\nuthi\AppData\Roaming\Code\User\workspaceStorage\60f550b633f8339ee7eaadc74e350eee\ms-python.python\pythonrc.py
ALLUSERSPROFILE=C:\ProgramData
CommonProgramW6432=C:\Program Files\Common Files
ChocolateyLastPathUpdate=133307790996717952
DriverData=C:\Windows\System32\Drivers\DriverData
HOMEDRIVE=C:
windir=C:\WINDOWS
GIT_TRACE2_PARENT_SID=1f830d49-75cc-4125-be6a-4d3db0613f36
SystemDrive=C:
NUMBER_OF_PROCESSORS=16
OS=Windows_NT
VBOX_HWVIRTEX_IGNORE_SVM_IN_USE=1
ProgramFiles=C:\Program Files
ComSpec=C:\WINDOWS\system32\cmd.exe
PATHEXT=.COM;.EXE;.BAT;.CMD;.VBS;.VBE;.JS;.JSE;.WSF;.WSH;.MSC;.CPL
HOME=C:\Users\nuthi
PSModulePath=C:\Users\nuthi\OneDrive\Documents\WindowsPowerShell\Modules;C:\Program Files\WindowsPowerShell\Modules;C:\WINDOWS\system32\WindowsPowerShell\v1.0\Modules
TMPDIR=C:\Users\nuthi\AppData\Local\Temp
APPDATA=C:\Users\nuthi\AppData\Roaming
USERDOMAIN=NUTHIOKHAW
PROCESSOR_LEVEL=23
LOCALAPPDATA=C:\Users\nuthi\AppData\Local
EFC_6460_1592913036=1
VSCODE_GIT_ASKPASS_NODE=D:\Program Files (x86)\Microsoft VS Code\Code.exe
BUNDLED_DEBUGPY_PATH=c:\Users\nuthi\.vscode\extensions\ms-python.debugpy-2026.6.0-win32-x64\bundled\libs\debugpy
TERM_PROGRAM_VERSION=1.128.0
CommonProgramFiles(x86)=C:\Program Files (x86)\Common Files
COLORTERM=truecolor
PUBLIC=C:\Users\Public
TERM_PROGRAM=vscode
VSCODE_GIT_ASKPASS_EXTRA_ARGS=


------------
Diagnostic: File system
Skipped: False
Success: True
Exception: None
Log:
Temporary directory is 'C:\Users\nuthi\AppData\Local\Temp\'...
Checking basic file I/O...
Writing to temporary file 'C:\Users\nuthi\AppData\Local\Temp\24564658b997ae3ea5044b86'... OK
Reading from temporary file 'C:\Users\nuthi\AppData\Local\Temp\24564658b997ae3ea5044b86'... OK
Deleting temporary file 'C:\Users\nuthi\AppData\Local\Temp\24564658b997ae3ea5044b86'... OK
Testing IFileSystem instance...
UserHomePath: C:\Users\nuthi
UserDataDirectoryPath: C:\Users\nuthi\.gcm
GetCurrentDirectory(): C:\Users\nuthi\OneDrive\Desktop\WORK-SYSTEM_SHOOC

------------
Diagnostic: Networking
Skipped: False
Success: True
Exception: None
Log:
Checking networking and HTTP stack...
Creating HTTP client... OK
IsNetworkAvailable: True
Sending HEAD request to http://example.com...Sending HEAD request to https://example.com... OK
 OK
Acquiring free TCP port... OK
Testing local HTTP loopback connections...
Creating new HTTP listener for http://localhost:59144/... OK
Waiting for loopback connection... OK
Writing response... OK
Waiting for response data... OK
Loopback connection data OK

------------
Diagnostic: Git
Skipped: False
Success: True
Exception: None
Log:
Getting Git version... OK
Git version is '2.53.0.windows.2'
Locating current repository...Git repository at 'C:/Users/nuthi/OneDrive/Desktop/WORK-SYSTEM_SHOOC/.git'
 OK
Listing all Git configuration... OK
Git configuration:
file:D:/Program Files (x86)/Git/etc/gitconfig	diff.astextplain.textconv=astextplain
file:D:/Program Files (x86)/Git/etc/gitconfig	filter.lfs.clean=git-lfs clean -- %f
file:D:/Program Files (x86)/Git/etc/gitconfig	filter.lfs.smudge=git-lfs smudge -- %f
file:D:/Program Files (x86)/Git/etc/gitconfig	filter.lfs.process=git-lfs filter-process
file:D:/Program Files (x86)/Git/etc/gitconfig	filter.lfs.required=true
file:D:/Program Files (x86)/Git/etc/gitconfig	http.sslbackend=schannel
file:D:/Program Files (x86)/Git/etc/gitconfig	core.autocrlf=true
file:D:/Program Files (x86)/Git/etc/gitconfig	core.fscache=true
file:D:/Program Files (x86)/Git/etc/gitconfig	core.symlinks=false
file:D:/Program Files (x86)/Git/etc/gitconfig	pull.rebase=false
file:D:/Program Files (x86)/Git/etc/gitconfig	credential.helper=manager
file:D:/Program Files (x86)/Git/etc/gitconfig	credential.https://dev.azure.com.usehttppath=true
file:D:/Program Files (x86)/Git/etc/gitconfig	init.defaultbranch=master
file:C:/Users/nuthi/.gitconfig	user.name=nuthiokhaw99
file:C:/Users/nuthi/.gitconfig	user.email=confixxx555@gmail.com
file:.git/config	core.repositoryformatversion=0
file:.git/config	core.filemode=false
file:.git/config	core.bare=false
file:.git/config	core.logallrefupdates=true
file:.git/config	core.symlinks=false
file:.git/config	core.ignorecase=true
file:.git/config	remote.origin.url=https://github.com/workcontactnuthiokhaw/WORK-SYSTEM_SHOOC.git
file:.git/config	remote.origin.fetch=+refs/heads/*:refs/remotes/origin/*


------------
Diagnostic: Credential storage
Skipped: False
Success: True
Exception: None
Log:
ICredentialStore instance is of type: CredentialStore
Writing test credential... OK
Reading test credential... OK
Deleting test credential... OK

------------
Diagnostic: Microsoft authentication (AAD/MSA)
Skipped: False
Success: True
Exception: None
Log:
Broker is not enabled.
Flow type is: Auto
Gathering MSAL token cache data... OK
CacheDirectory: C:\Users\nuthi\AppData\Local\.IdentityService
CacheFileName: msal.cache
CacheFilePath: C:\Users\nuthi\AppData\Local\.IdentityService\msal.cache
Creating cache helper... OK
Verifying MSAL token cache persistence... OK

------------
Diagnostic: GitHub API
Skipped: False
Success: True
Exception: None
Log:
Using 'https://github.com/' as API target.
Querying '/meta' endpoint... OK

